This is pdfTeX, Version 3.1415926-2.5-1.40.14 (TeX Live 2013) (format=pdflatex 2013.12.6)  21 FEB 2016 11:41
entering extended mode
 restricted \write18 enabled.
 file:line:error style messages enabled.
 %&-line parsing enabled.
**Session4.md
(./Session4.md
LaTeX2e <2011/06/27>
Babel <3.9f> and hyphenation patterns for 78 languages loaded.
./Session4.md:1: You can't use `macro parameter character #' in vertical mode.
l.1 #
     # Using Python to scrape website data
? 
./Session4.md:1: Emergency stop.
l.1 #
     # Using Python to scrape website data
End of file on the terminal!

 
Here is how much of TeX's memory you used:
 6 strings out of 493315
 131 string characters out of 6137904
 52158 words of memory out of 5000000
 3557 multiletter control sequences out of 15000+600000
 3640 words of font info for 14 fonts, out of 8000000 for 9000
 957 hyphenation exceptions out of 8191
 5i,0n,1p,52b,8s stack positions out of 5000i,500n,10000p,200000b,80000s
./Session4.md:1:  ==> Fatal error occurred, no output PDF file produced!
